[2026-06-05 18:19:16] === Git Auto-Push Start ===
[2026-06-05 18:19:16] Using git version 2.52.0.windows.1
[2026-06-05 18:19:16] WARNING: No remote 'origin' configured. You must set a remote to push changes.
[2026-06-05 18:19:16] Example command to set origin: git remote add origin <your-github-repo-url>
[2026-06-05 18:19:16] Changes detected:
?? README.md
?? git_autopush.log
?? git_autopush.py
?? setup_daily_task.ps1
[2026-06-05 18:19:16] Staging changes...
[2026-06-05 18:19:16] Committing changes with message: 'Auto-commit: Daily update 2026-06-05 18:19:16'
[2026-06-05 18:19:17] Commit successful:
[master (root-commit) 5b0cee3] Auto-commit: Daily update 2026-06-05 18:19:16
 4 files changed, 249 insertions(+)
 create mode 100644 README.md
 create mode 100644 git_autopush.log
 create mode 100644 git_autopush.py
 create mode 100644 setup_daily_task.ps1
[2026-06-05 18:19:17] Skipping push because remote origin is not configured. Local changes committed.
[2026-06-05 18:19:17] === Git Auto-Push Finished ===
[2026-06-05 18:24:40] === Git Auto-Push Start ===
[2026-06-05 18:24:41] Using git version 2.52.0.windows.1
[2026-06-05 18:24:41] WARNING: No remote 'origin' configured. You must set a remote to push changes.
[2026-06-05 18:24:41] Example command to set origin: git remote add origin <your-github-repo-url>
[2026-06-05 18:24:41] Changes detected:
M git_autopush.log
[2026-06-05 18:24:41] Staging changes...
